<?xml version="1.0" encoding="UTF-8"?>
<!-- Generated by org.testng.reporters.JUnitXMLReporter -->
<testsuite ignored="0" hostname="Swati" failures="0" tests="3" name="Submit Order Test" time="53.408" errors="0" timestamp="2024-09-03T17:42:13 IST">
  <testcase classname="rahulshettyacademy.tests.SubmitOrderTest" name="submitOrder" time="6.687"/>
  <testcase classname="rahulshettyacademy.tests.SubmitOrderTest" name="submitOrder" time="4.119"/>
  <testcase classname="rahulshettyacademy.tests.SubmitOrderTest" name="OrderHistoryTest" time="1.837"/>
</testsuite> <!-- Submit Order Test -->
